  Application.cpp
C:\Users\adria\Documents\GitHub\RaceCarGame3D\Physics II - Bullet3D - Handout 05\Application.cpp(12,33): warning C4316: 'ModulePlayer': puede que el objeto asignado en el montón no esté alineado 16
  Main.cpp
  ModuleAudio.cpp
  ModuleCamera3D.cpp
  ModuleInput.cpp
  ModulePhysics3D.cpp
C:\Users\adria\Documents\GitHub\RaceCarGame3D\Physics II - Bullet3D - Handout 05\ModulePhysics3D.cpp(138,26): warning C4244: '=': conversión de 'double' a 'float'; posible pérdida de datos
C:\Users\adria\Documents\GitHub\RaceCarGame3D\Physics II - Bullet3D - Handout 05\ModulePhysics3D.cpp(142,26): warning C4244: '=': conversión de 'double' a 'float'; posible pérdida de datos
  ModulePlayer.cpp
C:\Users\adria\Documents\GitHub\RaceCarGame3D\Physics II - Bullet3D - Handout 05\ModulePlayer.cpp(38,42): warning C4305: 'argumento': truncamiento de 'double' a 'float'
C:\Users\adria\Documents\GitHub\RaceCarGame3D\Physics II - Bullet3D - Handout 05\ModulePlayer.cpp(42,43): warning C4305: 'argumento': truncamiento de 'double' a 'float'
C:\Users\adria\Documents\GitHub\RaceCarGame3D\Physics II - Bullet3D - Handout 05\ModulePlayer.cpp(50,44): warning C4305: 'argumento': truncamiento de 'double' a 'float'
  ModuleRenderer3D.cpp
  ModuleSceneIntro.cpp
C:\Users\adria\Documents\GitHub\RaceCarGame3D\Physics II - Bullet3D - Handout 05\ModuleSceneIntro.cpp(159,20): warning C4244: 'argumento': conversión de 'int' a 'float'; posible pérdida de datos
C:\Users\adria\Documents\GitHub\RaceCarGame3D\Physics II - Bullet3D - Handout 05\ModuleSceneIntro.cpp(161,20): warning C4244: 'argumento': conversión de 'int' a 'float'; posible pérdida de datos
C:\Users\adria\Documents\GitHub\RaceCarGame3D\Physics II - Bullet3D - Handout 05\ModuleSceneIntro.cpp(163,20): warning C4244: 'argumento': conversión de 'int' a 'float'; posible pérdida de datos
  ModuleWindow.cpp
  Generando código...
  3D Physics.vcxproj -> C:\Users\adria\Documents\GitHub\RaceCarGame3D\Physics II - Bullet3D - Handout 05\Debug\3D Physics - class5.exe
